
> cosmo-frontend@0.4.1 dev
> vite --host 127.0.0.1 --port 5173


  [32m[1mVITE[22m v5.4.21[39m  [2mready in [0m[1m332[22m[2m[0m ms[22m

  [32m➜[39m  [1mLocal[22m:   [36mhttp://127.0.0.1:[1m5173[22m/[39m
[2m[32m  ➜[39m[22m[2m  press [22m[1mh + enter[22m[2m to show help[22m
[2m12:33:20 p. m.[22m [36m[1m[vite][22m[39m [32mhmr update [39m[2m/src/components/preview-panel/PreviewPanel.tsx, /src/index.css[22m
[2m12:33:42 p. m.[22m [36m[1m[vite][22m[39m [32mhmr update [39m[2m/src/components/preview-panel/PreviewPanelView.tsx, /src/index.css[22m
[2m12:34:04 p. m.[22m [36m[1m[vite][22m[39m [32mhmr update [39m[2m/src/components/preview-panel/PreviewPanelView.tsx, /src/index.css[22m
[2m12:34:32 p. m.[22m [36m[1m[vite][22m[39m [32mhmr update [39m[2m/src/components/preview-panel/PreviewPanelView.tsx, /src/index.css[22m
[2m12:35:00 p. m.[22m [36m[1m[vite][22m[39m [32mhmr update [39m[2m/src/components/preview-panel/PreviewPanelView.tsx, /src/index.css[22m
[2m12:53:08 p. m.[22m [36m[1m[vite][22m[39m [32mpage reload [39m[2msrc/components/formatos/FormatosView.test.tsx[22m
[2m12:53:38 p. m.[22m [36m[1m[vite][22m[39m [32mhmr update [39m[2m/src/components/formatos/FormatosView.tsx, /src/index.css[22m
[2m1:14:59 p. m.[22m [36m[1m[vite][22m[39m [32mpage reload [39m[2msrc/components/formatos/FormatosView.test.tsx[22m
[2m1:15:26 p. m.[22m [36m[1m[vite][22m[39m [32mhmr update [39m[2m/src/components/formatos/FormatosView.tsx, /src/index.css[22m
[2m1:16:19 p. m.[22m [36m[1m[vite][22m[39m [32mhmr update [39m[2m/src/index.css, /src/components/image-optimizer/SettingsPanel.tsx, /src/components/image-optimizer/index.tsx, /src/components/image-optimizer/CropEditor.tsx, /src/components/image-optimizer/QueuePanel.tsx, /src/components/image-optimizer/ui.tsx[22m
[2m1:16:23 p. m.[22m [36m[1m[vite][22m[39m [32mhmr update [39m[2m/src/index.css, /src/components/image-optimizer/index.tsx, /src/components/image-optimizer/CropEditor.tsx, /src/components/image-optimizer/QueuePanel.tsx, /src/components/image-optimizer/ui.tsx[22m
[2m1:16:28 p. m.[22m [36m[1m[vite][22m[39m [32mhmr update [39m[2m/src/index.css, /src/components/image-optimizer/index.tsx, /src/components/image-optimizer/CropEditor.tsx, /src/components/image-optimizer/QueuePanel.tsx, /src/components/image-optimizer/ui.tsx[22m
[2m1:16:32 p. m.[22m [36m[1m[vite][22m[39m [32mhmr update [39m[2m/src/components/image-optimizer/SettingsPanel.tsx, /src/index.css[22m
[2m1:16:39 p. m.[22m [36m[1m[vite][22m[39m [32mhmr update [39m[2m/src/components/image-optimizer/index.tsx, /src/index.css[22m
[2m1:16:42 p. m.[22m [36m[1m[vite][22m[39m [32mhmr update [39m[2m/src/components/image-optimizer/index.tsx, /src/index.css[22m
[2m1:16:45 p. m.[22m [36m[1m[vite][22m[39m [32mhmr update [39m[2m/src/components/image-optimizer/index.tsx, /src/index.css[22m
[2m1:49:32 p. m.[22m [36m[1m[vite][22m[39m [32mhmr update [39m[2m/src/components/conversion/OptionsCard.tsx, /src/index.css[22m
[2m1:51:16 p. m.[22m [36m[1m[vite][22m[39m [32mhmr update [39m[2m/src/components/conversion/OptionsCard.tsx, /src/index.css[22m
[2m1:51:18 p. m.[22m [36m[1m[vite][22m[39m [32mhmr update [39m[2m/src/components/conversion/RenameCard.tsx, /src/index.css[22m
[2m1:52:09 p. m.[22m [36m[1m[vite][22m[39m [32mhmr update [39m[2m/src/components/conversion/Dropzone.tsx, /src/index.css[22m
[2m1:52:38 p. m.[22m [36m[1m[vite][22m[39m [32mhmr update [39m[2m/src/components/conversion/FileCard.tsx, /src/index.css[22m
[2m1:53:22 p. m.[22m [36m[1m[vite][22m[39m [32mhmr update [39m[2m/src/components/conversion/StickyActionBar.tsx, /src/index.css[22m
[2m1:55:49 p. m.[22m [36m[1m[vite][22m[39m [32mhmr update [39m[2m/src/components/conversion/ConversionView.tsx, /src/index.css[22m
[2m1:56:16 p. m.[22m [36m[1m[vite][22m[39m [32mhmr update [39m[2m/src/components/conversion/Dropzone.tsx, /src/index.css[22m
[2m1:56:20 p. m.[22m [36m[1m[vite][22m[39m [32mhmr update [39m[2m/src/components/conversion/FileCard.tsx, /src/index.css[22m
[2m2:12:36 p. m.[22m [36m[1m[vite][22m[39m [32mhmr update [39m[2m/src/App.tsx, /src/index.css[22m
[2m2:12:47 p. m.[22m [36m[1m[vite][22m[39m [32mhmr update [39m[2m/src/App.tsx, /src/index.css[22m
[2m2:12:56 p. m.[22m [36m[1m[vite][22m[39m [32mpage reload [39m[2msrc/hooks/useLocalStorage.ts[22m
[2m2:13:16 p. m.[22m [36m[1m[vite][22m[39m [32mhmr update [39m[2m/src/components/Thumbnail.tsx, /src/index.css[22m
[2m2:13:40 p. m.[22m [36m[1m[vite][22m[39m [32mhmr update [39m[2m/src/components/conversion/FileCard.tsx, /src/index.css[22m
[2m2:13:47 p. m.[22m [36m[1m[vite][22m[39m [32mhmr update [39m[2m/src/components/conversion/ConversionView.tsx, /src/index.css[22m
[2m2:14:00 p. m.[22m [36m[1m[vite][22m[39m [32mhmr update [39m[2m/src/components/conversion/ConversionView.tsx, /src/index.css[22m
[2m2:14:13 p. m.[22m [36m[1m[vite][22m[39m [32mhmr update [39m[2m/src/components/conversion/ConversionView.tsx, /src/index.css[22m
[2m2:14:24 p. m.[22m [36m[1m[vite][22m[39m [32mhmr update [39m[2m/src/components/conversion/ConversionView.tsx, /src/index.css[22m
[2m2:14:25 p. m.[22m [36m[1m[vite][22m[39m [32mvite.config.ts changed, restarting server...[39m
[2m2:14:34 p. m.[22m [36m[1m[vite][22m[39m [32mvite.config.ts changed, restarting server...[39m
[2m2:14:35 p. m.[22m [36m[1m[vite][22m[39m server restarted.
[2m2:15:41 p. m.[22m [36m[1m[vite][22m[39m [32mvite.config.ts changed, restarting server...[39m
[2m2:16:27 p. m.[22m [36m[1m[vite][22m[39m [32mvite.config.ts changed, restarting server...[39m
